TN:
SF:src\banco.js
FN:2,(anonymous_0)
FN:7,(anonymous_1)
FN:12,(anonymous_2)
FN:17,(anonymous_3)
FN:23,(anonymous_4)
FN:28,(anonymous_5)
FNF:6
FNH:6
FNDA:9,(anonymous_0)
FNDA:3,(anonymous_1)
FNDA:2,(anonymous_2)
FNDA:2,(anonymous_3)
FNDA:1,(anonymous_4)
FNDA:4,(anonymous_5)
DA:3,9
DA:4,9
DA:8,3
DA:9,2
DA:13,2
DA:14,1
DA:18,2
DA:19,1
DA:20,1
DA:24,1
DA:25,1
DA:29,4
DA:33,1
LF:13
LH:13
BRDA:2,0,0,0
BRDA:8,1,0,1
BRDA:8,1,1,2
BRDA:13,2,0,1
BRDA:13,2,1,1
BRDA:13,3,0,2
BRDA:13,3,1,2
BRDA:18,4,0,1
BRDA:18,4,1,1
BRDA:18,5,0,2
BRDA:18,5,1,1
BRDA:24,6,0,0
BRDA:24,6,1,1
BRF:13
BRH:11
end_of_record
TN:
SF:src\calculator.js
FN:1,(anonymous_0)
FN:5,(anonymous_1)
FN:9,(anonymous_2)
FN:13,(anonymous_3)
FNF:4
FNH:4
FNDA:1,(anonymous_0)
FNDA:1,(anonymous_1)
FNDA:1,(anonymous_2)
FNDA:1,(anonymous_3)
DA:1,1
DA:2,1
DA:5,1
DA:6,1
DA:9,1
DA:10,1
DA:13,1
DA:14,1
DA:17,1
LF:9
LH:9
BRF:0
BRH:0
end_of_record
TN:
SF:src\carro.js
FN:2,(anonymous_0)
FN:9,(anonymous_1)
FN:14,(anonymous_2)
FNF:3
FNH:3
FNDA:3,(anonymous_0)
FNDA:2,(anonymous_1)
FNDA:1,(anonymous_2)
DA:3,3
DA:4,3
DA:5,3
DA:6,3
DA:10,2
DA:11,1
DA:15,1
DA:19,1
LF:8
LH:8
BRDA:10,0,0,1
BRDA:10,0,1,1
BRF:2
BRH:2
end_of_record
TN:
SF:src\cnh.js
FN:1,(anonymous_0)
FNF:1
FNH:1
FNDA:1,(anonymous_0)
DA:1,1
DA:2,1
DA:5,1
LF:3
LH:3
BRF:0
BRH:0
end_of_record
TN:
SF:src\lista.js
FN:2,(anonymous_0)
FN:6,(anonymous_1)
FN:10,(anonymous_2)
FN:16,(anonymous_3)
FNF:4
FNH:4
FNDA:3,(anonymous_0)
FNDA:2,(anonymous_1)
FNDA:2,(anonymous_2)
FNDA:2,(anonymous_3)
DA:3,3
DA:7,2
DA:11,2
DA:12,2
DA:13,1
DA:17,2
DA:21,1
LF:7
LH:7
BRDA:12,0,0,1
BRDA:12,0,1,1
BRF:2
BRH:2
end_of_record
TN:
SF:src\pessoa.js
FN:2,(anonymous_0)
FN:7,(anonymous_1)
FN:11,(anonymous_2)
FNF:3
FNH:3
FNDA:3,(anonymous_0)
FNDA:1,(anonymous_1)
FNDA:2,(anonymous_2)
DA:3,3
DA:4,3
DA:8,1
DA:12,2
DA:13,1
DA:17,1
LF:6
LH:6
BRDA:12,0,0,1
BRDA:12,0,1,1
BRF:2
BRH:2
end_of_record
TN:
SF:src\userService.js
FN:2,(anonymous_0)
FN:6,(anonymous_1)
FNF:2
FNH:2
FNDA:3,(anonymous_0)
FNDA:3,(anonymous_1)
DA:3,3
DA:7,3
DA:8,3
DA:9,1
DA:11,2
DA:15,2
LF:6
LH:6
BRDA:8,0,0,1
BRDA:8,0,1,2
BRF:2
BRH:2
end_of_record
